<?xml version="1.0" encoding="UTF-8"?>
<!-- Generated by org.testng.reporters.JUnitReportReporter -->
<testsuite hostname="adwaitharyan" failures="0" tests="1" name="POMWithoutPageFactoryEx.LoginTest" time="1.448" errors="0" timestamp="2025-04-18T15:10:36 IST" skipped="0">
  <testcase classname="POMWithoutPageFactoryEx.LoginTest" name="testLogin" time="1.448"/>
  <system-out/>
</testsuite> <!-- POMWithoutPageFactoryEx.LoginTest -->
