<?xml version="1.0" encoding="UTF-8"?>
<!-- Generated by org.testng.reporters.JUnitReportReporter -->
<testsuite hostname="adwaitharyan" failures="0" tests="1" name="DatadrivenTest.FDCalculator" time="24.308" errors="0" timestamp="2025-07-01T15:01:31 IST" skipped="0">
  <testcase classname="DatadrivenTest.FDCalculator" name="calculate" time="24.308"/>
  <system-out/>
</testsuite> <!-- DatadrivenTest.FDCalculator -->
