<?xml version="1.0" encoding="UTF-8"?>
<!-- Generated by org.testng.reporters.JUnitReportReporter -->
<testsuite hostname="adwaitharyan" failures="0" tests="3" name="TestNGexp.TestCasePriority" time="0.006" errors="0" timestamp="2025-03-20T17:23:10 IST" skipped="0">
  <testcase classname="TestNGexp.TestCasePriority" name="openapp" time="0.002"/>
  <system-out/>
  <testcase classname="TestNGexp.TestCasePriority" name="login" time="0.002"/>
  <system-out/>
  <testcase classname="TestNGexp.TestCasePriority" name="logout" time="0.002"/>
  <system-out/>
</testsuite> <!-- TestNGexp.TestCasePriority -->
