<?xml version="1.0" encoding="UTF-8"?>
<!-- Generated by org.testng.reporters.JUnitReportReporter -->
<testsuite hostname="adwaitharyan" failures="0" tests="1" name="TestNGexp.OrangeHRMTest" time="4.898" errors="0" timestamp="2025-07-01T14:42:41 IST" skipped="0">
  <testcase classname="TestNGexp.OrangeHRMTest" name="openApp" time="4.898"/>
  <system-out/>
</testsuite> <!-- TestNGexp.OrangeHRMTest -->
