<?xml version="1.0" encoding="UTF-8"?>
<!-- Generated by org.testng.reporters.JUnitReportReporter -->
<testsuite hostname="adwaitharyan" failures="0" tests="2" name="AnnotationsInTestNG.Class1" time="0.008" errors="0" timestamp="2025-04-03T17:43:09 IST" skipped="0">
  <testcase classname="AnnotationsInTestNG.Class1" name="abc" time="0.007"/>
  <system-out/>
  <testcase classname="AnnotationsInTestNG.Class1" name="abc" time="0.001"/>
  <system-out/>
</testsuite> <!-- AnnotationsInTestNG.Class1 -->
