<?xml version="1.0" encoding="UTF-8"?>
<!-- Generated by org.testng.reporters.JUnitReportReporter -->
<testsuite hostname="adwaitharyan" failures="0" tests="1" name="POMWithPagaFactory.LoginTest" time="1.199" errors="0" timestamp="2025-04-18T16:33:56 IST" skipped="0">
  <testcase classname="POMWithPagaFactory.LoginTest" name="testLogin" time="1.199"/>
  <system-out/>
</testsuite> <!-- POMWithPagaFactory.LoginTest -->
