<?xml version="1.0" encoding="UTF-8"?>
<!-- Generated by org.testng.reporters.JUnitReportReporter -->
<testsuite hostname="adwaitharyan" failures="0" tests="2" name="AnnotationsInTestNG.Class2" time="0.004" errors="0" timestamp="2025-04-03T17:43:09 IST" skipped="0">
  <testcase classname="AnnotationsInTestNG.Class2" name="xyz" time="0.002"/>
  <system-out/>
  <testcase classname="AnnotationsInTestNG.Class2" name="xyz" time="0.002"/>
  <system-out/>
</testsuite> <!-- AnnotationsInTestNG.Class2 -->
