<?xml version="1.0" encoding="UTF-8"?>
<!-- Generated by org.testng.reporters.JUnitReportReporter -->
<testsuite hostname="adwaitharyan" failures="0" tests="1" name="dataDrivenTest.CalculateFD" time="68.271" errors="0" timestamp="2025-07-17T17:22:31 IST" skipped="0">
  <testcase classname="dataDrivenTest.CalculateFD" name="calculate" time="68.271"/>
  <system-out/>
</testsuite> <!-- dataDrivenTest.CalculateFD -->
