<?xml version="1.0" encoding="UTF-8"?>
<!-- Generated by org.testng.reporters.JUnitReportReporter -->
<testsuite hostname="adwaitharyan" failures="0" tests="2" name="GroupingMethods.PaymentTests" time="0.014" errors="0" timestamp="2025-04-10T17:05:44 IST" skipped="0">
  <testcase classname="GroupingMethods.PaymentTests" name="paymentbyRupees" time="0.013"/>
  <system-out/>
  <testcase classname="GroupingMethods.PaymentTests" name="paymentbyDoller" time="0.001"/>
  <system-out/>
</testsuite> <!-- GroupingMethods.PaymentTests -->
