<?xml version="1.0" encoding="UTF-8"?>
<!-- Generated by org.testng.reporters.JUnitReportReporter -->
<testsuite hostname="adwaitharyan" failures="0" tests="3" name="Seleniumproject.Seleniumproject.ExampleofTestNG" time="0.011" errors="0" timestamp="2025-03-14T17:32:01 IST" skipped="0">
  <testcase classname="Seleniumproject.Seleniumproject.ExampleofTestNG" name="openapp" time="0.008"/>
  <system-out/>
  <testcase classname="Seleniumproject.Seleniumproject.ExampleofTestNG" name="login" time="0.002"/>
  <system-out/>
  <testcase classname="Seleniumproject.Seleniumproject.ExampleofTestNG" name="logout" time="0.001"/>
  <system-out/>
</testsuite> <!-- Seleniumproject.Seleniumproject.ExampleofTestNG -->
