<?xml version="1.0" encoding="UTF-8"?>
<!-- Generated by org.testng.reporters.JUnitReportReporter -->
<testsuite hostname="adwaitharyan" failures="0" tests="3" name="GroupingMethods.LoginTests" time="0.009" errors="0" timestamp="2025-04-10T17:04:05 IST" skipped="0">
  <testcase classname="GroupingMethods.LoginTests" name="loginByFacebook" time="0.007"/>
  <system-out/>
  <testcase classname="GroupingMethods.LoginTests" name="loginByEmail" time="0.001"/>
  <system-out/>
  <testcase classname="GroupingMethods.LoginTests" name="loginByTwitter" time="0.001"/>
  <system-out/>
</testsuite> <!-- GroupingMethods.LoginTests -->
