<?xml version="1.0" encoding="UTF-8"?>
<!-- Generated by org.testng.reporters.JUnitReportReporter -->
<testsuite hostname="adwaitharyan" failures="0" tests="2" name="AnnotationsInTestNG.Methods" time="0.010" errors="0" timestamp="2025-03-21T17:01:43 IST" skipped="0">
  <testcase classname="AnnotationsInTestNG.Methods" name="search" time="0.009"/>
  <system-out/>
  <testcase classname="AnnotationsInTestNG.Methods" name="advsearch" time="0.001"/>
  <system-out/>
</testsuite> <!-- AnnotationsInTestNG.Methods -->
