<?xml version="1.0" encoding="UTF-8"?>
<!-- Generated by org.testng.reporters.JUnitReportReporter -->
<testsuite hostname="adwaitharyan" failures="0" tests="2" name="amazonproj.SearchPriceandName" time="61.675" errors="0" timestamp="2025-06-10T15:23:45 IST" skipped="0">
  <testcase classname="amazonproj.SearchPriceandName" name="setup" time="14.827"/>
  <system-out/>
  <testcase classname="amazonproj.SearchPriceandName" name="findPrice" time="46.848"/>
  <system-out/>
</testsuite> <!-- amazonproj.SearchPriceandName -->
