<?xml version="1.0" encoding="UTF-8"?>
<!-- Generated by org.testng.reporters.JUnitReportReporter -->
<testsuite hostname="adwaitharyan" failures="0" tests="3" name="GroupingMethods.SignupTests" time="0.020" errors="0" timestamp="2025-04-10T17:10:58 IST" skipped="0">
  <testcase classname="GroupingMethods.SignupTests" name="signupByFacebook" time="0.017"/>
  <system-out/>
  <testcase classname="GroupingMethods.SignupTests" name="signupByEmail" time="0.001"/>
  <system-out/>
  <testcase classname="GroupingMethods.SignupTests" name="signupByTwitter" time="0.002"/>
  <system-out/>
</testsuite> <!-- GroupingMethods.SignupTests -->
