<?xml version="1.0" encoding="UTF-8"?>
<!-- Generated by org.testng.reporters.JUnitReportReporter -->
<testsuite hostname="adwaitharyan" failures="0" tests="2" name="AnnotationsInTestNG.Classlevel" time="0.014" errors="0" timestamp="2025-04-03T14:54:47 IST" skipped="0">
  <testcase classname="AnnotationsInTestNG.Classlevel" name="search" time="0.006"/>
  <system-out/>
  <testcase classname="AnnotationsInTestNG.Classlevel" name="advsearch" time="0.008"/>
  <system-out/>
</testsuite> <!-- AnnotationsInTestNG.Classlevel -->
