<?xml version="1.0" encoding="UTF-8"?>
<!-- Generated by org.testng.reporters.JUnitReportReporter -->
<testsuite hostname="adwaitharyan" failures="0" tests="2" name="AnnotationsInTestNG.AllAnnotations" time="0.011" errors="0" timestamp="2025-04-03T18:04:41 IST" skipped="0">
  <testcase classname="AnnotationsInTestNG.AllAnnotations" name="m1" time="0.007"/>
  <system-out/>
  <testcase classname="AnnotationsInTestNG.AllAnnotations" name="m2" time="0.004"/>
  <system-out/>
</testsuite> <!-- AnnotationsInTestNG.AllAnnotations -->
