<?xml version="1.0" encoding="UTF-8"?>
<!-- Generated by org.testng.reporters.JUnitReportReporter -->
<testsuite hostname="adwaitharyan" failures="0" tests="1" name="Assertions.AssertionDemo" time="0.010" errors="0" timestamp="2025-04-04T15:25:30 IST" skipped="0">
  <testcase classname="Assertions.AssertionDemo" name="testTitle" time="0.010"/>
  <system-out/>
</testsuite> <!-- Assertions.AssertionDemo -->
